Using pre-set license
Built from '2020.2/staging' branch; Version is '2020.2.6f1 (8a2143876886) revision 9052483'; Using compiler version '192528614'; Build Type 'Release'
OS: 'Windows 10 Home; OS build 19042.804; Version 2009; 64bit' Language: 'en' Physical Memory: 16250 MB
BatchMode: 1, IsHumanControllingUs: 0, StartBugReporterOnCrash: 0, Is64bit: 1, IsPro: 0

 COMMAND LINE ARGUMENTS:
C:\Program Files\Unity\Hub\Editor\2020.2.6f1\Editor\Unity.exe
-adb2
-batchMode
-noUpm
-name
AssetImportWorker0
-projectPath
D:/Work Stuff/Training Week/TrainingProject/Pineapple-Team-2-Training
-logFile
Logs/AssetImportWorker0.log
-srvPort
50998
Successfully changed project path to: D:/Work Stuff/Training Week/TrainingProject/Pineapple-Team-2-Training
D:/Work Stuff/Training Week/TrainingProject/Pineapple-Team-2-Training
Using Asset Import Pipeline V2.
Refreshing native plugins compatible for Editor in 28.00 ms, found 0 plugins.
Preloading 0 native plugins for Editor in 0.00 ms.
Initialize engine version: 2020.2.6f1 (8a2143876886)
[Subsystems] Discovering subsystems at path C:/Program Files/Unity/Hub/Editor/2020.2.6f1/Editor/Data/Resources/UnitySubsystems
[Subsystems] Discovering subsystems at path D:/Work Stuff/Training Week/TrainingProject/Pineapple-Team-2-Training/Assets
GfxDevice: creating device client; threaded=0
Direct3D:
    Version:  Direct3D 11.0 [level 11.1]
    Renderer: NVIDIA GeForce GTX 1050 Ti (ID=0x1c8c)
    Vendor:   
    VRAM:     4018 MB
    Driver:   27.21.14.5167
Initialize mono
Mono path[0] = 'C:/Program Files/Unity/Hub/Editor/2020.2.6f1/Editor/Data/Managed'
Mono path[1] = 'C:/Program Files/Unity/Hub/Editor/2020.2.6f1/Editor/Data/MonoBleedingEdge/lib/mono/unityjit'
Mono config path = 'C:/Program Files/Unity/Hub/Editor/2020.2.6f1/Editor/Data/MonoBleedingEdge/etc'
Using monoOptions --debugger-agent=transport=dt_socket,embedding=1,server=y,suspend=n,address=127.0.0.1:56532
Begin MonoManager ReloadAssembly
Registering precompiled unity dll's ...
Register platform support module: C:/Program Files/Unity/Hub/Editor/2020.2.6f1/Editor/Data/PlaybackEngines/WebGLSupport/UnityEditor.WebGL.Extensions.dll
Register platform support module: C:/Program Files/Unity/Hub/Editor/2020.2.6f1/Editor/Data/PlaybackEngines/MacStandaloneSupport/UnityEditor.OSXStandalone.Extensions.dll
Register platform support module: C:/Program Files/Unity/Hub/Editor/2020.2.6f1/Editor/Data/PlaybackEngines/WindowsStandaloneSupport/UnityEditor.WindowsStandalone.Extensions.dll
Registered in 0.004821 seconds.
Native extension for WindowsStandalone target not found
Native extension for OSXStandalone target not found
Native extension for WebGL target not found
Refreshing native plugins compatible for Editor in 28.97 ms, found 0 plugins.
Preloading 0 native plugins for Editor in 0.00 ms.
Invoked RoslynAnalysisRunner static constructor.
RoslynAnalysisRunner will not be running.
RoslynAnalysisRunner has terminated.
Mono: successfully reloaded assembly
- Completed reload, in  1.694 seconds
Platform modules already initialized, skipping
Registering precompiled user dll's ...
Registered in 0.000716 seconds.
Begin MonoManager ReloadAssembly
Native extension for WindowsStandalone target not found
Native extension for OSXStandalone target not found
Native extension for WebGL target not found
Refreshing native plugins compatible for Editor in 0.25 ms, found 0 plugins.
Preloading 0 native plugins for Editor in 0.00 ms.
Invoked RoslynAnalysisRunner static constructor.
RoslynAnalysisRunner will not be running.
RoslynAnalysisRunner has terminated.
Mono: successfully reloaded assembly
- Completed reload, in  1.179 seconds
Platform modules already initialized, skipping
========================================================================
Worker process is ready to serve import requests
Launched and connected shader compiler UnityShaderCompiler.exe after 0.06 seconds
Refreshing native plugins compatible for Editor in 0.37 ms, found 0 plugins.
Preloading 0 native plugins for Editor in 0.00 ms.
Unloading 1107 Unused Serialized files (Serialized files now loaded: 0)
System memory in use before: 57.1 MB.
System memory in use after: 57.2 MB.

Unloading 10 unused Assets to reduce memory usage. Loaded Objects now: 1549.
Total: 2.548600 ms (FindLiveObjects: 0.166100 ms CreateObjectMapping: 0.063500 ms MarkObjects: 2.218900 ms  DeleteObjects: 0.098200 ms)

========================================================================
Received Import Request.
  path: Assets/Scripts/Poses.cs
  artifactKey: Guid(e6f34267418bc1d45b8c63dada2b9461) Importer(815301076,1909f56bfc062723c751e8b465ee728b)
Start importing Assets/Scripts/Poses.cs using Guid(e6f34267418bc1d45b8c63dada2b9461) Importer(815301076,1909f56bfc062723c751e8b465ee728b)  -> (artifact id: '1b85f531eb5b480bf651221cd2a5909c') in 0.021778 seconds
  Import took 0.024392 seconds .

========================================================================
Received Prepare
Registering precompiled user dll's ...
Registered in 0.000849 seconds.
Begin MonoManager ReloadAssembly
Native extension for WindowsStandalone target not found
Native extension for OSXStandalone target not found
Native extension for WebGL target not found
Refreshing native plugins compatible for Editor in 0.20 ms, found 0 plugins.
Preloading 0 native plugins for Editor in 0.00 ms.
Invoked RoslynAnalysisRunner static constructor.
RoslynAnalysisRunner will not be running.
RoslynAnalysisRunner has terminated.
Mono: successfully reloaded assembly
- Completed reload, in  0.844 seconds
Platform modules already initialized, skipping
Refreshing native plugins compatible for Editor in 0.35 ms, found 0 plugins.
Preloading 0 native plugins for Editor in 0.00 ms.
Unloading 1102 Unused Serialized files (Serialized files now loaded: 0)
System memory in use before: 57.0 MB.
System memory in use after: 57.1 MB.

Unloading 5 unused Assets to reduce memory usage. Loaded Objects now: 1551.
Total: 2.159700 ms (FindLiveObjects: 0.162300 ms CreateObjectMapping: 0.047200 ms MarkObjects: 1.883000 ms  DeleteObjects: 0.065900 ms)

========================================================================
Received Import Request.
  Time since last request: 355.522786 seconds.
  path: Assets/Art/Text
  artifactKey: Guid(300d80a4ca578074a9cd55b632646caa) Importer(815301076,1909f56bfc062723c751e8b465ee728b)
Start importing Assets/Art/Text using Guid(300d80a4ca578074a9cd55b632646caa) Importer(815301076,1909f56bfc062723c751e8b465ee728b)  -> (artifact id: 'bf31de808a413f3fab6e71c290a36c31') in 0.016770 seconds
  Import took 0.020206 seconds .

========================================================================
Received Import Request.
  Time since last request: 33.196736 seconds.
  path: Assets/Art/Text/CD_GO.png
  artifactKey: Guid(484fb168bc92d97448e24e1b815d1b28) Importer(815301076,1909f56bfc062723c751e8b465ee728b)
Start importing Assets/Art/Text/CD_GO.png using Guid(484fb168bc92d97448e24e1b815d1b28) Importer(815301076,1909f56bfc062723c751e8b465ee728b)  -> (artifact id: '5ef9dfdcbc838fae27246c5f837e635c') in 0.092047 seconds
  Import took 0.096076 seconds .

========================================================================
Received Import Request.
  Time since last request: 0.000334 seconds.
  path: Assets/Art/Text/YouLose.png
  artifactKey: Guid(b3471a6e74575114280fbd3e082deade) Importer(815301076,1909f56bfc062723c751e8b465ee728b)
Start importing Assets/Art/Text/YouLose.png using Guid(b3471a6e74575114280fbd3e082deade) Importer(815301076,1909f56bfc062723c751e8b465ee728b)  -> (artifact id: 'dddb23bba6ff10e5f33137dfdc847b26') in 0.025425 seconds
  Import took 0.027912 seconds .

========================================================================
Received Import Request.
  Time since last request: 0.000262 seconds.
  path: Assets/Art/Text/YouWin.png
  artifactKey: Guid(3904a80f01a01384395710877ef42c56) Importer(815301076,1909f56bfc062723c751e8b465ee728b)
Start importing Assets/Art/Text/YouWin.png using Guid(3904a80f01a01384395710877ef42c56) Importer(815301076,1909f56bfc062723c751e8b465ee728b)  -> (artifact id: '22f55675070476dfb1a6a48bccfb60a4') in 0.031945 seconds
  Import took 0.034981 seconds .

========================================================================
Received Import Request.
  Time since last request: 0.000882 seconds.
  path: Assets/Art/Text/YouWin.png
  artifactKey: Guid(3904a80f01a01384395710877ef42c56) Importer(815301076,1909f56bfc062723c751e8b465ee728b)
Start importing Assets/Art/Text/YouWin.png using Guid(3904a80f01a01384395710877ef42c56) Importer(815301076,1909f56bfc062723c751e8b465ee728b)  -> (artifact id: '22f55675070476dfb1a6a48bccfb60a4') in 0.012727 seconds
  Import took 0.016263 seconds .

========================================================================
Received Import Request.
  Time since last request: 30.796929 seconds.
  path: Assets/Art/Text/CD_GO.png
  artifactKey: Guid(484fb168bc92d97448e24e1b815d1b28) Importer(815301076,1909f56bfc062723c751e8b465ee728b)
Start importing Assets/Art/Text/CD_GO.png using Guid(484fb168bc92d97448e24e1b815d1b28) Importer(815301076,1909f56bfc062723c751e8b465ee728b)  -> (artifact id: '9d0edfb4a275ea5ceac2adecdb9594ee') in 0.072917 seconds
  Import took 0.075684 seconds .

========================================================================
Received Import Request.
  Time since last request: 0.000312 seconds.
  path: Assets/Art/Text/YouLose.png
  artifactKey: Guid(b3471a6e74575114280fbd3e082deade) Importer(815301076,1909f56bfc062723c751e8b465ee728b)
Start importing Assets/Art/Text/YouLose.png using Guid(b3471a6e74575114280fbd3e082deade) Importer(815301076,1909f56bfc062723c751e8b465ee728b)  -> (artifact id: '8abd52e7309e3df86bdf053fbb99029b') in 0.023981 seconds
  Import took 0.026577 seconds .

========================================================================
Received Import Request.
  Time since last request: 0.000329 seconds.
  path: Assets/Art/Text/YouWin.png
  artifactKey: Guid(3904a80f01a01384395710877ef42c56) Importer(815301076,1909f56bfc062723c751e8b465ee728b)
Start importing Assets/Art/Text/YouWin.png using Guid(3904a80f01a01384395710877ef42c56) Importer(815301076,1909f56bfc062723c751e8b465ee728b)  -> (artifact id: 'cd7858cd77b24d59b01e7a51adcc5b56') in 0.030309 seconds
  Import took 0.033583 seconds .

========================================================================
Received Prepare
Registering precompiled user dll's ...
Registered in 0.000686 seconds.
Begin MonoManager ReloadAssembly
Native extension for WindowsStandalone target not found
Native extension for OSXStandalone target not found
Native extension for WebGL target not found
Refreshing native plugins compatible for Editor in 0.28 ms, found 0 plugins.
Preloading 0 native plugins for Editor in 0.00 ms.
Invoked RoslynAnalysisRunner static constructor.
RoslynAnalysisRunner will not be running.
RoslynAnalysisRunner has terminated.
Mono: successfully reloaded assembly
- Completed reload, in  0.957 seconds
Platform modules already initialized, skipping
Refreshing native plugins compatible for Editor in 0.21 ms, found 0 plugins.
Preloading 0 native plugins for Editor in 0.00 ms.
Unloading 1102 Unused Serialized files (Serialized files now loaded: 0)
System memory in use before: 60.1 MB.
System memory in use after: 60.2 MB.

Unloading 5 unused Assets to reduce memory usage. Loaded Objects now: 1560.
Total: 2.036000 ms (FindLiveObjects: 0.159900 ms CreateObjectMapping: 0.115800 ms MarkObjects: 1.709200 ms  DeleteObjects: 0.049900 ms)

========================================================================
Received Prepare
Registering precompiled user dll's ...
Registered in 0.001079 seconds.
Begin MonoManager ReloadAssembly
Native extension for WindowsStandalone target not found
Native extension for OSXStandalone target not found
Native extension for WebGL target not found
Refreshing native plugins compatible for Editor in 0.20 ms, found 0 plugins.
Preloading 0 native plugins for Editor in 0.00 ms.
Invoked RoslynAnalysisRunner static constructor.
RoslynAnalysisRunner will not be running.
RoslynAnalysisRunner has terminated.
Mono: successfully reloaded assembly
- Completed reload, in  0.937 seconds
Platform modules already initialized, skipping
Refreshing native plugins compatible for Editor in 0.19 ms, found 0 plugins.
Preloading 0 native plugins for Editor in 0.00 ms.
Unloading 1102 Unused Serialized files (Serialized files now loaded: 0)
System memory in use before: 60.2 MB.
System memory in use after: 60.2 MB.

Unloading 5 unused Assets to reduce memory usage. Loaded Objects now: 1562.
Total: 3.297300 ms (FindLiveObjects: 0.307200 ms CreateObjectMapping: 0.076000 ms MarkObjects: 2.811700 ms  DeleteObjects: 0.099700 ms)

AssetImportWorkerClient::OnTransportError - code=2 error=End of file
